<?xml version="1.0" encoding="UTF-8"?>
<testsuite xmlns:xsi="http://www.w3.org/2001/XMLSchema-instance" xsi:noNamespaceSchemaLocation="https://maven.apache.org/surefire/maven-surefire-plugin/xsd/surefire-test-report-3.0.xsd" version="3.0" name="com.example.BlepBlipBlop.BlepBlipBlopApplicationTests" time="1.731" tests="1" errors="0" skipped="0" failures="0">
  <properties>
[...]
</properties>
  <testcase name="contextLoads" classname="com.example.BlepBlipBlop.BlepBlipBlopApplicationTests" time="0.524">
    <system-out><![CDATA[17:18:05.629 [main] INFO org.springframework.test.context.support.AnnotationConfigContextLoaderUtils -- Could not detect default configuration classes for test class [com.example.BlepBlipBlop.BlepBlipBlopApplicationTests]: BlepBlipBlopApplicationTests does not declare any static, non-private, non-final, nested classes annotated with @Configuration.
17:18:05.707 [main] INFO org.springframework.boot.test.context.SpringBootTestContextBootstrapper -- Found @SpringBootConfiguration com.example.BlepBlipBlop.BlepBlipBlopApplication for test class com.example.BlepBlipBlop.BlepBlipBlopApplicationTests

  .   ____          _            __ _ _
 /\\ / ___'_ __ _ _(_)_ __  __ _ \ \ \ \
( ( )\___ | '_ | '_| | '_ \/ _` | \ \ \ \
 \\/  ___)| |_)| | | | | || (_| |  ) ) ) )
  '  |____| .__|_| |_|_| |_\__, | / / / /
 =========|_|==============|___/=/_/_/_/

 :: Spring Boot ::                (v3.3.5)

2024-11-12T17:18:05.981-07:00  INFO 40136 --- [BlepBlipBlop] [           main] c.e.B.BlepBlipBlopApplicationTests       : Starting BlepBlipBlopApplicationTests using Java 23 with PID 40136 (started by Tristan in C:\Neumont\PRO150 - Web-Based Software Projects\BlepBlipBlop\GUI)
2024-11-12T17:18:05.982-07:00  INFO 40136 --- [BlepBlipBlop] [           main] c.e.B.BlepBlipBlopApplicationTests       : No active profile set, falling back to 1 default profile: "default"
2024-11-12T17:18:06.716-07:00  INFO 40136 --- [BlepBlipBlop] [           main] c.e.B.BlepBlipBlopApplicationTests       : Started BlepBlipBlopApplicationTests in 0.913 seconds (process running for 1.533)
]]></system-out>
    <system-err><![CDATA[WARNING: A Java agent has been loaded dynamically (C:\Users\Tristan\.m2\repository\net\bytebuddy\byte-buddy-agent\1.14.19\byte-buddy-agent-1.14.19.jar)
WARNING: If a serviceability tool is in use, please run with -XX:+EnableDynamicAgentLoading to hide this warning
WARNING: If a serviceability tool is not in use, please run with -Djdk.instrument.traceUsage for more information
WARNING: Dynamic loading of agents will be disallowed by default in a future release
]]></system-err>
  </testcase>
</testsuite>