<?xml version="1.0" encoding="UTF-8"?>
<testsuite xmlns:xsi="http://www.w3.org/2001/XMLSchema-instance" xsi:noNamespaceSchemaLocation="https://maven.apache.org/surefire/maven-surefire-plugin/xsd/surefire-test-report-3.0.xsd" version="3.0" name="com.example.BlepBlipBlop.BlepBlipBlopApplicationTests" time="4.065" tests="1" errors="0" skipped="0" failures="0">
  <properties>
[...]
</properties>
  <testcase name="contextLoads" classname="com.example.BlepBlipBlop.BlepBlipBlopApplicationTests" time="0.391">
    <system-out><![CDATA[19:36:29.065 [main] INFO org.springframework.test.context.support.AnnotationConfigContextLoaderUtils -- Could not detect default configuration classes for test class [com.example.BlepBlipBlop.BlepBlipBlopApplicationTests]: BlepBlipBlopApplicationTests does not declare any static, non-private, non-final, nested classes annotated with @Configuration.
19:36:29.155 [main] INFO org.springframework.boot.test.context.SpringBootTestContextBootstrapper -- Found @SpringBootConfiguration com.example.BlepBlipBlop.BlepBlipBlopApplication for test class com.example.BlepBlipBlop.BlepBlipBlopApplicationTests

  .   ____          _            __ _ _
 /\\ / ___'_ __ _ _(_)_ __  __ _ \ \ \ \
( ( )\___ | '_ | '_| | '_ \/ _` | \ \ \ \
 \\/  ___)| |_)| | | | | || (_| |  ) ) ) )
  '  |____| .__|_| |_|_| |_\__, | / / / /
 =========|_|==============|___/=/_/_/_/

 :: Spring Boot ::                (v3.3.5)

2024-11-25T19:36:29.516-07:00  INFO 11524 --- [BlepBlipBlop] [           main] c.e.B.BlepBlipBlopApplicationTests       : Starting BlepBlipBlopApplicationTests using Java 23 with PID 11524 (started by eandreason in C:\NU\Year 2\Q5\PRO150 - Web Project\BlepBlipBlop\API)
2024-11-25T19:36:29.516-07:00  INFO 11524 --- [BlepBlipBlop] [           main] c.e.B.BlepBlipBlopApplicationTests       : No active profile set, falling back to 1 default profile: "default"
2024-11-25T19:36:30.107-07:00  INFO 11524 --- [BlepBlipBlop] [           main] .s.d.r.c.RepositoryConfigurationDelegate : Bootstrapping Spring Data JPA repositories in DEFAULT mode.
2024-11-25T19:36:30.174-07:00  INFO 11524 --- [BlepBlipBlop] [           main] .s.d.r.c.RepositoryConfigurationDelegate : Finished Spring Data repository scanning in 56 ms. Found 2 JPA repository interfaces.
2024-11-25T19:36:30.642-07:00  INFO 11524 --- [BlepBlipBlop] [           main] o.hibernate.jpa.internal.util.LogHelper  : HHH000204: Processing PersistenceUnitInfo [name: default]
2024-11-25T19:36:30.700-07:00  INFO 11524 --- [BlepBlipBlop] [           main] org.hibernate.Version                    : HHH000412: Hibernate ORM core version 6.5.3.Final
2024-11-25T19:36:30.725-07:00  INFO 11524 --- [BlepBlipBlop] [           main] o.h.c.internal.RegionFactoryInitiator    : HHH000026: Second-level cache disabled
2024-11-25T19:36:30.802-07:00 DEBUG 11524 --- [BlepBlipBlop] [           main] org.hibernate.type.BasicTypeRegistry     : Adding type registration boolean -> org.hibernate.type.BasicTypeReference@66749eea
2024-11-25T19:36:30.802-07:00 DEBUG 11524 --- [BlepBlipBlop] [           main] org.hibernate.type.BasicTypeRegistry     : Adding type registration boolean -> org.hibernate.type.BasicTypeReference@66749eea
2024-11-25T19:36:30.802-07:00 DEBUG 11524 --- [BlepBlipBlop] [           main] org.hibernate.type.BasicTypeRegistry     : Adding type registration java.lang.Boolean -> org.hibernate.type.BasicTypeReference@66749eea
2024-11-25T19:36:30.802-07:00 DEBUG 11524 --- [BlepBlipBlop] [           main] org.hibernate.type.BasicTypeRegistry     : Adding type registration numeric_boolean -> org.hibernate.type.BasicTypeReference@7135ce0a
2024-11-25T19:36:30.802-07:00 DEBUG 11524 --- [BlepBlipBlop] [           main] org.hibernate.type.BasicTypeRegistry     : Adding type registration org.hibernate.type.NumericBooleanConverter -> org.hibernate.type.BasicTypeReference@7135ce0a
2024-11-25T19:36:30.802-07:00 DEBUG 11524 --- [BlepBlipBlop] [           main] org.hibernate.type.BasicTypeRegistry     : Adding type registration true_false -> org.hibernate.type.BasicTypeReference@617449dd
2024-11-25T19:36:30.802-07:00 DEBUG 11524 --- [BlepBlipBlop] [           main] org.hibernate.type.BasicTypeRegistry     : Adding type registration org.hibernate.type.TrueFalseConverter -> org.hibernate.type.BasicTypeReference@617449dd
2024-11-25T19:36:30.802-07:00 DEBUG 11524 --- [BlepBlipBlop] [           main] org.hibernate.type.BasicTypeRegistry     : Adding type registration yes_no -> org.hibernate.type.BasicTypeReference@2e590b
2024-11-25T19:36:30.803-07:00 DEBUG 11524 --- [BlepBlipBlop] [           main] org.hibernate.type.BasicTypeRegistry     : Adding type registration org.hibernate.type.YesNoConverter -> org.hibernate.type.BasicTypeReference@2e590b
2024-11-25T19:36:30.803-07:00 DEBUG 11524 --- [BlepBlipBlop] [           main] org.hibernate.type.BasicTypeRegistry     : Adding type registration byte -> org.hibernate.type.BasicTypeReference@42ef042a
2024-11-25T19:36:30.803-07:00 DEBUG 11524 --- [BlepBlipBlop] [           main] org.hibernate.type.BasicTypeRegistry     : Adding type registration byte -> org.hibernate.type.BasicTypeReference@42ef042a
2024-11-25T19:36:30.803-07:00 DEBUG 11524 --- [BlepBlipBlop] [           main] org.hibernate.type.BasicTypeRegistry     : Adding type registration java.lang.Byte -> org.hibernate.type.BasicTypeReference@42ef042a
2024-11-25T19:36:30.803-07:00 DEBUG 11524 --- [BlepBlipBlop] [           main] org.hibernate.type.BasicTypeRegistry     : Adding type registration binary -> org.hibernate.type.BasicTypeReference@1df5c7e3
2024-11-25T19:36:30.803-07:00 DEBUG 11524 --- [BlepBlipBlop] [           main] org.hibernate.type.BasicTypeRegistry     : Adding type registration byte[] -> org.hibernate.type.BasicTypeReference@1df5c7e3
2024-11-25T19:36:30.803-07:00 DEBUG 11524 --- [BlepBlipBlop] [           main] org.hibernate.type.BasicTypeRegistry     : Adding type registration [B -> org.hibernate.type.BasicTypeReference@1df5c7e3
2024-11-25T19:36:30.803-07:00 DEBUG 11524 --- [BlepBlipBlop] [           main] org.hibernate.type.BasicTypeRegistry     : Adding type registration binary_wrapper -> org.hibernate.type.BasicTypeReference@5e0c4f21
2024-11-25T19:36:30.803-07:00 DEBUG 11524 --- [BlepBlipBlop] [           main] org.hibernate.type.BasicTypeRegistry     : Adding type registration wrapper-binary -> org.hibernate.type.BasicTypeReference@5e0c4f21
2024-11-25T19:36:30.803-07:00 DEBUG 11524 --- [BlepBlipBlop] [           main] org.hibernate.type.BasicTypeRegistry     : Adding type registration image -> org.hibernate.type.BasicTypeReference@2c18a3ea
2024-11-25T19:36:30.804-07:00 DEBUG 11524 --- [BlepBlipBlop] [           main] org.hibernate.type.BasicTypeRegistry     : Adding type registration blob -> org.hibernate.type.BasicTypeReference@166c2c17
2024-11-25T19:36:30.804-07:00 DEBUG 11524 --- [BlepBlipBlop] [           main] org.hibernate.type.BasicTypeRegistry     : Adding type registration java.sql.Blob -> org.hibernate.type.BasicTypeReference@166c2c17
2024-11-25T19:36:30.804-07:00 DEBUG 11524 --- [BlepBlipBlop] [           main] org.hibernate.type.BasicTypeRegistry     : Adding type registration materialized_blob -> org.hibernate.type.BasicTypeReference@25953be6
2024-11-25T19:36:30.804-07:00 DEBUG 11524 --- [BlepBlipBlop] [           main] org.hibernate.type.BasicTypeRegistry     : Adding type registration materialized_blob_wrapper -> org.hibernate.type.BasicTypeReference@19dc0d32
2024-11-25T19:36:30.804-07:00 DEBUG 11524 --- [BlepBlipBlop] [           main] org.hibernate.type.BasicTypeRegistry     : Adding type registration short -> org.hibernate.type.BasicTypeReference@70b2fa10
2024-11-25T19:36:30.804-07:00 DEBUG 11524 --- [BlepBlipBlop] [           main] org.hibernate.type.BasicTypeRegistry     : Adding type registration short -> org.hibernate.type.BasicTypeReference@70b2fa10
2024-11-25T19:36:30.804-07:00 DEBUG 11524 --- [BlepBlipBlop] [           main] org.hibernate.type.BasicTypeRegistry     : Adding type registration java.lang.Short -> org.hibernate.type.BasicTypeReference@70b2fa10
2024-11-25T19:36:30.804-07:00 DEBUG 11524 --- [BlepBlipBlop] [           main] org.hibernate.type.BasicTypeRegistry     : Adding type registration integer -> org.hibernate.type.BasicTypeReference@7c96c85
2024-11-25T19:36:30.804-07:00 DEBUG 11524 --- [BlepBlipBlop] [           main] org.hibernate.type.BasicTypeRegistry     : Adding type registration int -> org.hibernate.type.BasicTypeReference@7c96c85
2024-11-25T19:36:30.804-07:00 DEBUG 11524 --- [BlepBlipBlop] [           main] org.hibernate.type.BasicTypeRegistry     : Adding type registration java.lang.Integer -> org.hibernate.type.BasicTypeReference@7c96c85
2024-11-25T19:36:30.804-07:00 DEBUG 11524 --- [BlepBlipBlop] [           main] org.hibernate.type.BasicTypeRegistry     : Adding type registration long -> org.hibernate.type.BasicTypeReference@b0f2d91
2024-11-25T19:36:30.804-07:00 DEBUG 11524 --- [BlepBlipBlop] [           main] org.hibernate.type.BasicTypeRegistry     : Adding type registration long -> org.hibernate.type.BasicTypeReference@b0f2d91
2024-11-25T19:36:30.805-07:00 DEBUG 11524 --- [BlepBlipBlop] [           main] org.hibernate.type.BasicTypeRegistry     : Adding type registration java.lang.Long -> org.hibernate.type.BasicTypeReference@b0f2d91
2024-11-25T19:36:30.805-07:00 DEBUG 11524 --- [BlepBlipBlop] [           main] org.hibernate.type.BasicTypeRegistry     : Adding type registration float -> org.hibernate.type.BasicTypeReference@7243145f
2024-11-25T19:36:30.805-07:00 DEBUG 11524 --- [BlepBlipBlop] [           main] org.hibernate.type.BasicTypeRegistry     : Adding type registration float -> org.hibernate.type.BasicTypeReference@7243145f
2024-11-25T19:36:30.805-07:00 DEBUG 11524 --- [BlepBlipBlop] [           main] org.hibernate.type.BasicTypeRegistry     : Adding type registration java.lang.Float -> org.hibernate.type.BasicTypeReference@7243145f
2024-11-25T19:36:30.805-07:00 DEBUG 11524 --- [BlepBlipBlop] [           main] org.hibernate.type.BasicTypeRegistry     : Adding type registration double -> org.hibernate.type.BasicTypeReference@15c6027d
2024-11-25T19:36:30.805-07:00 DEBUG 11524 --- [BlepBlipBlop] [           main] org.hibernate.type.BasicTypeRegistry     : Adding type registration double -> org.hibernate.type.BasicTypeReference@15c6027d
2024-11-25T19:36:30.805-07:00 DEBUG 11524 --- [BlepBlipBlop] [           main] org.hibernate.type.BasicTypeRegistry     : Adding type registration java.lang.Double -> org.hibernate.type.BasicTypeReference@15c6027d
2024-11-25T19:36:30.805-07:00 DEBUG 11524 --- [BlepBlipBlop] [           main] org.hibernate.type.BasicTypeRegistry     : Adding type registration big_integer -> org.hibernate.type.BasicTypeReference@5927f904
2024-11-25T19:36:30.805-07:00 DEBUG 11524 --- [BlepBlipBlop] [           main] org.hibernate.type.BasicTypeRegistry     : Adding type registration java.math.BigInteger -> org.hibernate.type.BasicTypeReference@5927f904
2024-11-25T19:36:30.805-07:00 DEBUG 11524 --- [BlepBlipBlop] [           main] org.hibernate.type.BasicTypeRegistry     : Adding type registration big_decimal -> org.hibernate.type.BasicTypeReference@2bb62414
2024-11-25T19:36:30.805-07:00 DEBUG 11524 --- [BlepBlipBlop] [           main] org.hibernate.type.BasicTypeRegistry     : Adding type registration java.math.BigDecimal -> org.hibernate.type.BasicTypeReference@2bb62414
2024-11-25T19:36:30.806-07:00 DEBUG 11524 --- [BlepBlipBlop] [           main] org.hibernate.type.BasicTypeRegistry     : Adding type registration character -> org.hibernate.type.BasicTypeReference@413d2cd1
2024-11-25T19:36:30.806-07:00 DEBUG 11524 --- [BlepBlipBlop] [           main] org.hibernate.type.BasicTypeRegistry     : Adding type registration char -> org.hibernate.type.BasicTypeReference@413d2cd1
2024-11-25T19:36:30.806-07:00 DEBUG 11524 --- [BlepBlipBlop] [           main] org.hibernate.type.BasicTypeRegistry     : Adding type registration java.lang.Character -> org.hibernate.type.BasicTypeReference@413d2cd1
2024-11-25T19:36:30.806-07:00 DEBUG 11524 --- [BlepBlipBlop] [           main] org.hibernate.type.BasicTypeRegistry     : Adding type registration character_nchar -> org.hibernate.type.BasicTypeReference@644d1b61
2024-11-25T19:36:30.806-07:00 DEBUG 11524 --- [BlepBlipBlop] [           main] org.hibernate.type.BasicTypeRegistry     : Adding type registration string -> org.hibernate.type.BasicTypeReference@2443135
2024-11-25T19:36:30.806-07:00 DEBUG 11524 --- [BlepBlipBlop] [           main] org.hibernate.type.BasicTypeRegistry     : Adding type registration java.lang.String -> org.hibernate.type.BasicTypeReference@2443135
2024-11-25T19:36:30.806-07:00 DEBUG 11524 --- [BlepBlipBlop] [           main] org.hibernate.type.BasicTypeRegistry     : Adding type registration nstring -> org.hibernate.type.BasicTypeReference@184823ed
2024-11-25T19:36:30.806-07:00 DEBUG 11524 --- [BlepBlipBlop] [           main] org.hibernate.type.BasicTypeRegistry     : Adding type registration characters -> org.hibernate.type.BasicTypeReference@30bbcf91
2024-11-25T19:36:30.806-07:00 DEBUG 11524 --- [BlepBlipBlop] [           main] org.hibernate.type.BasicTypeRegistry     : Adding type registration char[] -> org.hibernate.type.BasicTypeReference@30bbcf91
2024-11-25T19:36:30.807-07:00 DEBUG 11524 --- [BlepBlipBlop] [           main] org.hibernate.type.BasicTypeRegistry     : Adding type registration [C -> org.hibernate.type.BasicTypeReference@30bbcf91
2024-11-25T19:36:30.807-07:00 DEBUG 11524 --- [BlepBlipBlop] [           main] org.hibernate.type.BasicTypeRegistry     : Adding type registration wrapper-characters -> org.hibernate.type.BasicTypeReference@3ca14cf4
2024-11-25T19:36:30.807-07:00 DEBUG 11524 --- [BlepBlipBlop] [           main] org.hibernate.type.BasicTypeRegistry     : Adding type registration text -> org.hibernate.type.BasicTypeReference@1f4f0fcc
2024-11-25T19:36:30.807-07:00 DEBUG 11524 --- [BlepBlipBlop] [           main] org.hibernate.type.BasicTypeRegistry     : Adding type registration ntext -> org.hibernate.type.BasicTypeReference@46c10083
2024-11-25T19:36:30.807-07:00 DEBUG 11524 --- [BlepBlipBlop] [           main] org.hibernate.type.BasicTypeRegistry     : Adding type registration clob -> org.hibernate.type.BasicTypeReference@28e8888d
2024-11-25T19:36:30.807-07:00 DEBUG 11524 --- [BlepBlipBlop] [           main] org.hibernate.type.BasicTypeRegistry     : Adding type registration java.sql.Clob -> org.hibernate.type.BasicTypeReference@28e8888d
2024-11-25T19:36:30.807-07:00 DEBUG 11524 --- [BlepBlipBlop] [           main] org.hibernate.type.BasicTypeRegistry     : Adding type registration nclob -> org.hibernate.type.BasicTypeReference@1e98b788
2024-11-25T19:36:30.807-07:00 DEBUG 11524 --- [BlepBlipBlop] [           main] org.hibernate.type.BasicTypeRegistry     : Adding type registration java.sql.NClob -> org.hibernate.type.BasicTypeReference@1e98b788
2024-11-25T19:36:30.807-07:00 DEBUG 11524 --- [BlepBlipBlop] [           main] org.hibernate.type.BasicTypeRegistry     : Adding type registration materialized_clob -> org.hibernate.type.BasicTypeReference@794eeaf8
2024-11-25T19:36:30.807-07:00 DEBUG 11524 --- [BlepBlipBlop] [           main] org.hibernate.type.BasicTypeRegistry     : Adding type registration materialized_clob_char_array -> org.hibernate.type.BasicTypeReference@37c5284a
2024-11-25T19:36:30.807-07:00 DEBUG 11524 --- [BlepBlipBlop] [           main] org.hibernate.type.BasicTypeRegistry     : Adding type registration materialized_clob_character_array -> org.hibernate.type.BasicTypeReference@5b8572df
2024-11-25T19:36:30.807-07:00 DEBUG 11524 --- [BlepBlipBlop] [           main] org.hibernate.type.BasicTypeRegistry     : Adding type registration materialized_nclob -> org.hibernate.type.BasicTypeReference@7aaad0
2024-11-25T19:36:30.807-07:00 DEBUG 11524 --- [BlepBlipBlop] [           main] org.hibernate.type.BasicTypeRegistry     : Adding type registration materialized_nclob_character_array -> org.hibernate.type.BasicTypeReference@eed890d
2024-11-25T19:36:30.808-07:00 DEBUG 11524 --- [BlepBlipBlop] [           main] org.hibernate.type.BasicTypeRegistry     : Adding type registration materialized_nclob_char_array -> org.hibernate.type.BasicTypeReference@10f477e2
2024-11-25T19:36:30.808-07:00 DEBUG 11524 --- [BlepBlipBlop] [           main] org.hibernate.type.BasicTypeRegistry     : Adding type registration Duration -> org.hibernate.type.BasicTypeReference@6097fca9
2024-11-25T19:36:30.808-07:00 DEBUG 11524 --- [BlepBlipBlop] [           main] org.hibernate.type.BasicTypeRegistry     : Adding type registration java.time.Duration -> org.hibernate.type.BasicTypeReference@6097fca9
2024-11-25T19:36:30.808-07:00 DEBUG 11524 --- [BlepBlipBlop] [           main] org.hibernate.type.BasicTypeRegistry     : Adding type registration LocalDateTime -> org.hibernate.type.BasicTypeReference@35eee641
2024-11-25T19:36:30.808-07:00 DEBUG 11524 --- [BlepBlipBlop] [           main] org.hibernate.type.BasicTypeRegistry     : Adding type registration java.time.LocalDateTime -> org.hibernate.type.BasicTypeReference@35eee641
2024-11-25T19:36:30.808-07:00 DEBUG 11524 --- [BlepBlipBlop] [           main] org.hibernate.type.BasicTypeRegistry     : Adding type registration LocalDate -> org.hibernate.type.BasicTypeReference@5729b410
2024-11-25T19:36:30.808-07:00 DEBUG 11524 --- [BlepBlipBlop] [           main] org.hibernate.type.BasicTypeRegistry     : Adding type registration java.time.LocalDate -> org.hibernate.type.BasicTypeReference@5729b410
2024-11-25T19:36:30.808-07:00 DEBUG 11524 --- [BlepBlipBlop] [           main] org.hibernate.type.BasicTypeRegistry     : Adding type registration LocalTime -> org.hibernate.type.BasicTypeReference@64518270
2024-11-25T19:36:30.808-07:00 DEBUG 11524 --- [BlepBlipBlop] [           main] org.hibernate.type.BasicTypeRegistry     : Adding type registration java.time.LocalTime -> org.hibernate.type.BasicTypeReference@64518270
2024-11-25T19:36:30.808-07:00 DEBUG 11524 --- [BlepBlipBlop] [           main] org.hibernate.type.BasicTypeRegistry     : Adding type registration OffsetDateTime -> org.hibernate.type.BasicTypeReference@3b7c58e7
2024-11-25T19:36:30.808-07:00 DEBUG 11524 --- [BlepBlipBlop] [           main] org.hibernate.type.BasicTypeRegistry     : Adding type registration java.time.OffsetDateTime -> org.hibernate.type.BasicTypeReference@3b7c58e7
2024-11-25T19:36:30.808-07:00 DEBUG 11524 --- [BlepBlipBlop] [           main] org.hibernate.type.BasicTypeRegistry     : Adding type registration OffsetDateTimeWithTimezone -> org.hibernate.type.BasicTypeReference@79627d27
2024-11-25T19:36:30.808-07:00 DEBUG 11524 --- [BlepBlipBlop] [           main] org.hibernate.type.BasicTypeRegistry     : Adding type registration OffsetDateTimeWithoutTimezone -> org.hibernate.type.BasicTypeReference@6371cf2f
2024-11-25T19:36:30.808-07:00 DEBUG 11524 --- [BlepBlipBlop] [           main] org.hibernate.type.BasicTypeRegistry     : Adding type registration OffsetTime -> org.hibernate.type.BasicTypeReference@b5b9333
2024-11-25T19:36:30.808-07:00 DEBUG 11524 --- [BlepBlipBlop] [           main] org.hibernate.type.BasicTypeRegistry     : Adding type registration java.time.OffsetTime -> org.hibernate.type.BasicTypeReference@b5b9333
2024-11-25T19:36:30.808-07:00 DEBUG 11524 --- [BlepBlipBlop] [           main] org.hibernate.type.BasicTypeRegistry     : Adding type registration OffsetTimeUtc -> org.hibernate.type.BasicTypeReference@52b959df
2024-11-25T19:36:30.808-07:00 DEBUG 11524 --- [BlepBlipBlop] [           main] org.hibernate.type.BasicTypeRegistry     : Adding type registration OffsetTimeWithTimezone -> org.hibernate.type.BasicTypeReference@38588dea
2024-11-25T19:36:30.809-07:00 DEBUG 11524 --- [BlepBlipBlop] [           main] org.hibernate.type.BasicTypeRegistry     : Adding type registration OffsetTimeWithoutTimezone -> org.hibernate.type.BasicTypeReference@553d2579
2024-11-25T19:36:30.809-07:00 DEBUG 11524 --- [BlepBlipBlop] [           main] org.hibernate.type.BasicTypeRegistry     : Adding type registration ZonedDateTime -> org.hibernate.type.BasicTypeReference@2a8f6e6
2024-11-25T19:36:30.809-07:00 DEBUG 11524 --- [BlepBlipBlop] [           main] org.hibernate.type.BasicTypeRegistry     : Adding type registration java.time.ZonedDateTime -> org.hibernate.type.BasicTypeReference@2a8f6e6
2024-11-25T19:36:30.809-07:00 DEBUG 11524 --- [BlepBlipBlop] [           main] org.hibernate.type.BasicTypeRegistry     : Adding type registration ZonedDateTimeWithTimezone -> org.hibernate.type.BasicTypeReference@1ac730cd
2024-11-25T19:36:30.809-07:00 DEBUG 11524 --- [BlepBlipBlop] [           main] org.hibernate.type.BasicTypeRegistry     : Adding type registration ZonedDateTimeWithoutTimezone -> org.hibernate.type.BasicTypeReference@668cc9a2
2024-11-25T19:36:30.809-07:00 DEBUG 11524 --- [BlepBlipBlop] [           main] org.hibernate.type.BasicTypeRegistry     : Adding type registration date -> org.hibernate.type.BasicTypeReference@5aa62ee7
2024-11-25T19:36:30.809-07:00 DEBUG 11524 --- [BlepBlipBlop] [           main] org.hibernate.type.BasicTypeRegistry     : Adding type registration java.sql.Date -> org.hibernate.type.BasicTypeReference@5aa62ee7
2024-11-25T19:36:30.809-07:00 DEBUG 11524 --- [BlepBlipBlop] [           main] org.hibernate.type.BasicTypeRegistry     : Adding type registration time -> org.hibernate.type.BasicTypeReference@1f7cec93
2024-11-25T19:36:30.809-07:00 DEBUG 11524 --- [BlepBlipBlop] [           main] org.hibernate.type.BasicTypeRegistry     : Adding type registration java.sql.Time -> org.hibernate.type.BasicTypeReference@1f7cec93
2024-11-25T19:36:30.809-07:00 DEBUG 11524 --- [BlepBlipBlop] [           main] org.hibernate.type.BasicTypeRegistry     : Adding type registration timestamp -> org.hibernate.type.BasicTypeReference@3c9ef6e9
2024-11-25T19:36:30.809-07:00 DEBUG 11524 --- [BlepBlipBlop] [           main] org.hibernate.type.BasicTypeRegistry     : Adding type registration java.sql.Timestamp -> org.hibernate.type.BasicTypeReference@3c9ef6e9
2024-11-25T19:36:30.809-07:00 DEBUG 11524 --- [BlepBlipBlop] [           main] org.hibernate.type.BasicTypeRegistry     : Adding type registration java.util.Date -> org.hibernate.type.BasicTypeReference@3c9ef6e9
2024-11-25T19:36:30.809-07:00 DEBUG 11524 --- [BlepBlipBlop] [           main] org.hibernate.type.BasicTypeRegistry     : Adding type registration calendar -> org.hibernate.type.BasicTypeReference@3cdff901
2024-11-25T19:36:30.809-07:00 DEBUG 11524 --- [BlepBlipBlop] [           main] org.hibernate.type.BasicTypeRegistry     : Adding type registration java.util.Calendar -> org.hibernate.type.BasicTypeReference@3cdff901
2024-11-25T19:36:30.810-07:00 DEBUG 11524 --- [BlepBlipBlop] [           main] org.hibernate.type.BasicTypeRegistry     : Adding type registration java.util.GregorianCalendar -> org.hibernate.type.BasicTypeReference@3cdff901
2024-11-25T19:36:30.810-07:00 DEBUG 11524 --- [BlepBlipBlop] [           main] org.hibernate.type.BasicTypeRegistry     : Adding type registration calendar_date -> org.hibernate.type.BasicTypeReference@57e5396b
2024-11-25T19:36:30.810-07:00 DEBUG 11524 --- [BlepBlipBlop] [           main] org.hibernate.type.BasicTypeRegistry     : Adding type registration calendar_time -> org.hibernate.type.BasicTypeReference@2f054f70
2024-11-25T19:36:30.810-07:00 DEBUG 11524 --- [BlepBlipBlop] [           main] org.hibernate.type.BasicTypeRegistry     : Adding type registration instant -> org.hibernate.type.BasicTypeReference@6467ddc7
2024-11-25T19:36:30.810-07:00 DEBUG 11524 --- [BlepBlipBlop] [           main] org.hibernate.type.BasicTypeRegistry     : Adding type registration java.time.Instant -> org.hibernate.type.BasicTypeReference@6467ddc7
2024-11-25T19:36:30.810-07:00 DEBUG 11524 --- [BlepBlipBlop] [           main] org.hibernate.type.BasicTypeRegistry     : Adding type registration uuid -> org.hibernate.type.BasicTypeReference@27b337bb
2024-11-25T19:36:30.810-07:00 DEBUG 11524 --- [BlepBlipBlop] [           main] org.hibernate.type.BasicTypeRegistry     : Adding type registration java.util.UUID -> org.hibernate.type.BasicTypeReference@27b337bb
2024-11-25T19:36:30.810-07:00 DEBUG 11524 --- [BlepBlipBlop] [           main] org.hibernate.type.BasicTypeRegistry     : Adding type registration pg-uuid -> org.hibernate.type.BasicTypeReference@27b337bb
2024-11-25T19:36:30.810-07:00 DEBUG 11524 --- [BlepBlipBlop] [           main] org.hibernate.type.BasicTypeRegistry     : Adding type registration uuid-binary -> org.hibernate.type.BasicTypeReference@59636c47
2024-11-25T19:36:30.810-07:00 DEBUG 11524 --- [BlepBlipBlop] [           main] org.hibernate.type.BasicTypeRegistry     : Adding type registration uuid-char -> org.hibernate.type.BasicTypeReference@5c18d6d4
2024-11-25T19:36:30.810-07:00 DEBUG 11524 --- [BlepBlipBlop] [           main] org.hibernate.type.BasicTypeRegistry     : Adding type registration class -> org.hibernate.type.BasicTypeReference@6cbb175
2024-11-25T19:36:30.811-07:00 DEBUG 11524 --- [BlepBlipBlop] [           main] org.hibernate.type.BasicTypeRegistry     : Adding type registration java.lang.Class -> org.hibernate.type.BasicTypeReference@6cbb175
2024-11-25T19:36:30.811-07:00 DEBUG 11524 --- [BlepBlipBlop] [           main] org.hibernate.type.BasicTypeRegistry     : Adding type registration currency -> org.hibernate.type.BasicTypeReference@38fb50f8
2024-11-25T19:36:30.811-07:00 DEBUG 11524 --- [BlepBlipBlop] [           main] org.hibernate.type.BasicTypeRegistry     : Adding type registration Currency -> org.hibernate.type.BasicTypeReference@38fb50f8
2024-11-25T19:36:30.811-07:00 DEBUG 11524 --- [BlepBlipBlop] [           main] org.hibernate.type.BasicTypeRegistry     : Adding type registration java.util.Currency -> org.hibernate.type.BasicTypeReference@38fb50f8
2024-11-25T19:36:30.811-07:00 DEBUG 11524 --- [BlepBlipBlop] [           main] org.hibernate.type.BasicTypeRegistry     : Adding type registration locale -> org.hibernate.type.BasicTypeReference@7ab802f4
2024-11-25T19:36:30.811-07:00 DEBUG 11524 --- [BlepBlipBlop] [           main] org.hibernate.type.BasicTypeRegistry     : Adding type registration java.util.Locale -> org.hibernate.type.BasicTypeReference@7ab802f4
2024-11-25T19:36:30.811-07:00 DEBUG 11524 --- [BlepBlipBlop] [           main] org.hibernate.type.BasicTypeRegistry     : Adding type registration serializable -> org.hibernate.type.BasicTypeReference@608cd501
2024-11-25T19:36:30.811-07:00 DEBUG 11524 --- [BlepBlipBlop] [           main] org.hibernate.type.BasicTypeRegistry     : Adding type registration java.io.Serializable -> org.hibernate.type.BasicTypeReference@608cd501
2024-11-25T19:36:30.811-07:00 DEBUG 11524 --- [BlepBlipBlop] [           main] org.hibernate.type.BasicTypeRegistry     : Adding type registration timezone -> org.hibernate.type.BasicTypeReference@3b97907c
2024-11-25T19:36:30.811-07:00 DEBUG 11524 --- [BlepBlipBlop] [           main] org.hibernate.type.BasicTypeRegistry     : Adding type registration java.util.TimeZone -> org.hibernate.type.BasicTypeReference@3b97907c
2024-11-25T19:36:30.812-07:00 DEBUG 11524 --- [BlepBlipBlop] [           main] org.hibernate.type.BasicTypeRegistry     : Adding type registration ZoneOffset -> org.hibernate.type.BasicTypeReference@59096b66
2024-11-25T19:36:30.812-07:00 DEBUG 11524 --- [BlepBlipBlop] [           main] org.hibernate.type.BasicTypeRegistry     : Adding type registration java.time.ZoneOffset -> org.hibernate.type.BasicTypeReference@59096b66
2024-11-25T19:36:30.812-07:00 DEBUG 11524 --- [BlepBlipBlop] [           main] org.hibernate.type.BasicTypeRegistry     : Adding type registration url -> org.hibernate.type.BasicTypeReference@631c6d11
2024-11-25T19:36:30.812-07:00 DEBUG 11524 --- [BlepBlipBlop] [           main] org.hibernate.type.BasicTypeRegistry     : Adding type registration java.net.URL -> org.hibernate.type.BasicTypeReference@631c6d11
2024-11-25T19:36:30.812-07:00 DEBUG 11524 --- [BlepBlipBlop] [           main] org.hibernate.type.BasicTypeRegistry     : Adding type registration vector -> org.hibernate.type.BasicTypeReference@65be88ae
2024-11-25T19:36:30.812-07:00 DEBUG 11524 --- [BlepBlipBlop] [           main] org.hibernate.type.BasicTypeRegistry     : Adding type registration row_version -> org.hibernate.type.BasicTypeReference@62ade015
2024-11-25T19:36:30.815-07:00 DEBUG 11524 --- [BlepBlipBlop] [           main] org.hibernate.type.BasicTypeRegistry     : Adding type registration object -> org.hibernate.type.JavaObjectType@715fa8c5
2024-11-25T19:36:30.816-07:00 DEBUG 11524 --- [BlepBlipBlop] [           main] org.hibernate.type.BasicTypeRegistry     : Adding type registration java.lang.Object -> org.hibernate.type.JavaObjectType@715fa8c5
2024-11-25T19:36:30.816-07:00 DEBUG 11524 --- [BlepBlipBlop] [           main] org.hibernate.type.BasicTypeRegistry     : Adding type registration null -> org.hibernate.type.NullType@1213ffbc
2024-11-25T19:36:30.817-07:00 DEBUG 11524 --- [BlepBlipBlop] [           main] org.hibernate.type.BasicTypeRegistry     : Adding type registration imm_date -> org.hibernate.type.BasicTypeReference@68a305eb
2024-11-25T19:36:30.817-07:00 DEBUG 11524 --- [BlepBlipBlop] [           main] org.hibernate.type.BasicTypeRegistry     : Adding type registration imm_time -> org.hibernate.type.BasicTypeReference@1310fcb0
2024-11-25T19:36:30.817-07:00 DEBUG 11524 --- [BlepBlipBlop] [           main] org.hibernate.type.BasicTypeRegistry     : Adding type registration imm_timestamp -> org.hibernate.type.BasicTypeReference@1ef31f71
2024-11-25T19:36:30.817-07:00 DEBUG 11524 --- [BlepBlipBlop] [           main] org.hibernate.type.BasicTypeRegistry     : Adding type registration imm_calendar -> org.hibernate.type.BasicTypeReference@6e8fdd19
2024-11-25T19:36:30.817-07:00 DEBUG 11524 --- [BlepBlipBlop] [           main] org.hibernate.type.BasicTypeRegistry     : Adding type registration imm_calendar_date -> org.hibernate.type.BasicTypeReference@35787726
2024-11-25T19:36:30.817-07:00 DEBUG 11524 --- [BlepBlipBlop] [           main] org.hibernate.type.BasicTypeRegistry     : Adding type registration imm_calendar_time -> org.hibernate.type.BasicTypeReference@2199e845
2024-11-25T19:36:30.817-07:00 DEBUG 11524 --- [BlepBlipBlop] [           main] org.hibernate.type.BasicTypeRegistry     : Adding type registration imm_binary -> org.hibernate.type.BasicTypeReference@27976390
2024-11-25T19:36:30.817-07:00 DEBUG 11524 --- [BlepBlipBlop] [           main] org.hibernate.type.BasicTypeRegistry     : Adding type registration imm_serializable -> org.hibernate.type.BasicTypeReference@37e0056e
2024-11-25T19:36:31.047-07:00  INFO 11524 --- [BlepBlipBlop] [           main] o.s.o.j.p.SpringPersistenceUnitInfo      : No LoadTimeWeaver setup: ignoring JPA class transformer
2024-11-25T19:36:31.074-07:00  INFO 11524 --- [BlepBlipBlop] [           main] com.zaxxer.hikari.HikariDataSource       : HikariPool-1 - Starting...
2024-11-25T19:36:31.226-07:00  INFO 11524 --- [BlepBlipBlop] [           main] com.zaxxer.hikari.pool.HikariPool        : HikariPool-1 - Added connection com.mysql.cj.jdbc.ConnectionImpl@3cd46491
2024-11-25T19:36:31.227-07:00  INFO 11524 --- [BlepBlipBlop] [           main] com.zaxxer.hikari.HikariDataSource       : HikariPool-1 - Start completed.
2024-11-25T19:36:31.269-07:00  WARN 11524 --- [BlepBlipBlop] [           main] org.hibernate.orm.deprecation            : HHH90000025: MySQLDialect does not need to be specified explicitly using 'hibernate.dialect' (remove the property setting and it will be selected by default)
2024-11-25T19:36:31.291-07:00 DEBUG 11524 --- [BlepBlipBlop] [           main] o.h.t.d.sql.spi.DdlTypeRegistry          : addDescriptor(12, org.hibernate.type.descriptor.sql.internal.CapacityDependentDdlType@74cd798f) replaced previous registration(org.hibernate.type.descriptor.sql.internal.CapacityDependentDdlType@314f59b)
2024-11-25T19:36:31.292-07:00 DEBUG 11524 --- [BlepBlipBlop] [           main] o.h.t.d.sql.spi.DdlTypeRegistry          : addDescriptor(-9, org.hibernate.type.descriptor.sql.internal.CapacityDependentDdlType@63c99f7) replaced previous registration(org.hibernate.type.descriptor.sql.internal.CapacityDependentDdlType@7f012923)
2024-11-25T19:36:31.292-07:00 DEBUG 11524 --- [BlepBlipBlop] [           main] o.h.t.d.sql.spi.DdlTypeRegistry          : addDescriptor(-3, org.hibernate.type.descriptor.sql.internal.CapacityDependentDdlType@601f264d) replaced previous registration(org.hibernate.type.descriptor.sql.internal.CapacityDependentDdlType@4403bff8)
2024-11-25T19:36:31.292-07:00 DEBUG 11524 --- [BlepBlipBlop] [           main] o.h.t.d.sql.spi.DdlTypeRegistry          : addDescriptor(4003, org.hibernate.type.descriptor.sql.internal.DdlTypeImpl@261275ae) replaced previous registration(org.hibernate.type.descriptor.sql.internal.DdlTypeImpl@502c087e)
2024-11-25T19:36:31.292-07:00 DEBUG 11524 --- [BlepBlipBlop] [           main] o.h.t.d.sql.spi.DdlTypeRegistry          : addDescriptor(4001, org.hibernate.type.descriptor.sql.internal.DdlTypeImpl@49986178) replaced previous registration(org.hibernate.type.descriptor.sql.internal.DdlTypeImpl@10bdfbcc)
2024-11-25T19:36:31.292-07:00 DEBUG 11524 --- [BlepBlipBlop] [           main] o.h.t.d.sql.spi.DdlTypeRegistry          : addDescriptor(4002, org.hibernate.type.descriptor.sql.internal.DdlTypeImpl@25b74370) replaced previous registration(org.hibernate.type.descriptor.sql.internal.DdlTypeImpl@15e8c040)
2024-11-25T19:36:31.292-07:00 DEBUG 11524 --- [BlepBlipBlop] [           main] o.h.t.d.sql.spi.DdlTypeRegistry          : addDescriptor(2004, org.hibernate.type.descriptor.sql.internal.CapacityDependentDdlType@1f71e024) replaced previous registration(org.hibernate.type.descriptor.sql.internal.DdlTypeImpl@60ed0b9d)
2024-11-25T19:36:31.292-07:00 DEBUG 11524 --- [BlepBlipBlop] [           main] o.h.t.d.sql.spi.DdlTypeRegistry          : addDescriptor(2005, org.hibernate.type.descriptor.sql.internal.CapacityDependentDdlType@7f5e6833) replaced previous registration(org.hibernate.type.descriptor.sql.internal.DdlTypeImpl@2c674d58)
2024-11-25T19:36:31.292-07:00 DEBUG 11524 --- [BlepBlipBlop] [           main] o.h.t.d.sql.spi.DdlTypeRegistry          : addDescriptor(2011, org.hibernate.type.descriptor.sql.internal.CapacityDependentDdlType@3c07e830) replaced previous registration(org.hibernate.type.descriptor.sql.internal.DdlTypeImpl@34beadce)
2024-11-25T19:36:31.294-07:00 DEBUG 11524 --- [BlepBlipBlop] [           main] o.h.t.d.jdbc.spi.JdbcTypeRegistry        : addDescriptor(NCharTypeDescriptor) replaced previous registration(CharTypeDescriptor)
2024-11-25T19:36:31.294-07:00 DEBUG 11524 --- [BlepBlipBlop] [           main] o.h.t.d.jdbc.spi.JdbcTypeRegistry        : addDescriptor(NVarcharTypeDescriptor) replaced previous registration(VarcharTypeDescriptor)
2024-11-25T19:36:31.295-07:00 DEBUG 11524 --- [BlepBlipBlop] [           main] o.h.t.d.jdbc.spi.JdbcTypeRegistry        : addDescriptor(LongNVarcharTypeDescriptor) replaced previous registration(LongVarcharTypeDescriptor)
2024-11-25T19:36:31.297-07:00 DEBUG 11524 --- [BlepBlipBlop] [           main] o.h.t.d.jdbc.spi.JdbcTypeRegistry        : addDescriptor(NClobTypeDescriptor(DEFAULT)) replaced previous registration(ClobTypeDescriptor(DEFAULT))
2024-11-25T19:36:31.297-07:00 DEBUG 11524 --- [BlepBlipBlop] [           main] o.h.t.d.jdbc.spi.JdbcTypeRegistry        : addDescriptor(2005, ClobTypeDescriptor(STREAM_BINDING)) replaced previous registration(ClobTypeDescriptor(DEFAULT))
2024-11-25T19:36:31.299-07:00 DEBUG 11524 --- [BlepBlipBlop] [           main] org.hibernate.type.BasicTypeRegistry     : Adding type registration null -> org.hibernate.type.NullType@6eaa6b0c
2024-11-25T19:36:31.300-07:00 DEBUG 11524 --- [BlepBlipBlop] [           main] org.hibernate.type.BasicTypeRegistry     : Type registration key [null] overrode previous entry : `org.hibernate.type.NullType@1213ffbc`
2024-11-25T19:36:31.302-07:00 DEBUG 11524 --- [BlepBlipBlop] [           main] org.hibernate.type.BasicTypeRegistry     : Adding type registration org.hibernate.type.DurationType -> basicType@1(java.time.Duration,3015)
2024-11-25T19:36:31.303-07:00 DEBUG 11524 --- [BlepBlipBlop] [           main] org.hibernate.type.BasicTypeRegistry     : Adding type registration Duration -> basicType@1(java.time.Duration,3015)
2024-11-25T19:36:31.303-07:00 DEBUG 11524 --- [BlepBlipBlop] [           main] org.hibernate.type.BasicTypeRegistry     : Adding type registration java.time.Duration -> basicType@1(java.time.Duration,3015)
2024-11-25T19:36:31.305-07:00 DEBUG 11524 --- [BlepBlipBlop] [           main] org.hibernate.type.BasicTypeRegistry     : Adding type registration org.hibernate.type.OffsetDateTimeType -> basicType@2(java.time.OffsetDateTime,3003)
2024-11-25T19:36:31.305-07:00 DEBUG 11524 --- [BlepBlipBlop] [           main] org.hibernate.type.BasicTypeRegistry     : Adding type registration OffsetDateTime -> basicType@2(java.time.OffsetDateTime,3003)
2024-11-25T19:36:31.305-07:00 DEBUG 11524 --- [BlepBlipBlop] [           main] org.hibernate.type.BasicTypeRegistry     : Adding type registration java.time.OffsetDateTime -> basicType@2(java.time.OffsetDateTime,3003)
2024-11-25T19:36:31.305-07:00 DEBUG 11524 --- [BlepBlipBlop] [           main] org.hibernate.type.BasicTypeRegistry     : Adding type registration org.hibernate.type.ZonedDateTimeType -> basicType@3(java.time.ZonedDateTime,3003)
2024-11-25T19:36:31.305-07:00 DEBUG 11524 --- [BlepBlipBlop] [           main] org.hibernate.type.BasicTypeRegistry     : Adding type registration ZonedDateTime -> basicType@3(java.time.ZonedDateTime,3003)
2024-11-25T19:36:31.305-07:00 DEBUG 11524 --- [BlepBlipBlop] [           main] org.hibernate.type.BasicTypeRegistry     : Adding type registration java.time.ZonedDateTime -> basicType@3(java.time.ZonedDateTime,3003)
2024-11-25T19:36:31.305-07:00 DEBUG 11524 --- [BlepBlipBlop] [           main] org.hibernate.type.BasicTypeRegistry     : Adding type registration org.hibernate.type.OffsetTimeType -> basicType@4(java.time.OffsetTime,3007)
2024-11-25T19:36:31.305-07:00 DEBUG 11524 --- [BlepBlipBlop] [           main] org.hibernate.type.BasicTypeRegistry     : Adding type registration OffsetTime -> basicType@4(java.time.OffsetTime,3007)
2024-11-25T19:36:31.306-07:00 DEBUG 11524 --- [BlepBlipBlop] [           main] org.hibernate.type.BasicTypeRegistry     : Adding type registration java.time.OffsetTime -> basicType@4(java.time.OffsetTime,3007)
2024-11-25T19:36:31.307-07:00 DEBUG 11524 --- [BlepBlipBlop] [           main] o.h.type.spi.TypeConfiguration$Scope     : Scoping TypeConfiguration [org.hibernate.type.spi.TypeConfiguration@682266d8] to MetadataBuildingContext [org.hibernate.boot.internal.MetadataBuildingContextRootImpl@44a93f8a]
2024-11-25T19:36:31.829-07:00  INFO 11524 --- [BlepBlipBlop] [           main] o.h.e.t.j.p.i.JtaPlatformInitiator       : HHH000489: No JTA platform available (set 'hibernate.transaction.jta.platform' to enable JTA platform integration)
2024-11-25T19:36:31.830-07:00 DEBUG 11524 --- [BlepBlipBlop] [           main] o.h.type.spi.TypeConfiguration$Scope     : Scoping TypeConfiguration [org.hibernate.type.spi.TypeConfiguration@682266d8] to SessionFactoryImplementor [org.hibernate.internal.SessionFactoryImpl@713497cd]
2024-11-25T19:36:31.861-07:00 TRACE 11524 --- [BlepBlipBlop] [           main] o.h.type.spi.TypeConfiguration$Scope     : Handling #sessionFactoryCreated from [org.hibernate.internal.SessionFactoryImpl@713497cd] for TypeConfiguration
2024-11-25T19:36:31.862-07:00  INFO 11524 --- [BlepBlipBlop] [           main] j.LocalContainerEntityManagerFactoryBean : Initialized JPA EntityManagerFactory for persistence unit 'default'
2024-11-25T19:36:32.281-07:00  WARN 11524 --- [BlepBlipBlop] [           main] JpaBaseConfiguration$JpaWebConfiguration : spring.jpa.open-in-view is enabled by default. Therefore, database queries may be performed during view rendering. Explicitly configure spring.jpa.open-in-view to disable this warning
2024-11-25T19:36:32.601-07:00  INFO 11524 --- [BlepBlipBlop] [           main] c.e.B.BlepBlipBlopApplicationTests       : Started BlepBlipBlopApplicationTests in 3.337 seconds (process running for 4.063)
]]></system-out>
    <system-err><![CDATA[WARNING: A Java agent has been loaded dynamically (C:\Users\eandreason\.m2\repository\net\bytebuddy\byte-buddy-agent\1.14.19\byte-buddy-agent-1.14.19.jar)
WARNING: If a serviceability tool is in use, please run with -XX:+EnableDynamicAgentLoading to hide this warning
WARNING: If a serviceability tool is not in use, please run with -Djdk.instrument.traceUsage for more information
WARNING: Dynamic loading of agents will be disallowed by default in a future release
]]></system-err>
  </testcase>
</testsuite>